<?xml version="1.0" encoding="utf-8"?>
<testsuites>
  <testsuite name="souscription.SC57-InsertRate" tests="1" failures="0" errors="0" time="3.25" package="souscription" id="1">
    <properties>
[...]
</properties>
    <testcase name="CT-InsertRate" time="3.25"/>
  </testsuite>
  <testsuite name="souscription.SC17-sendToken" tests="1" failures="0" errors="0" time="4.646" package="souscription" id="2">
    <properties>
[...]
</properties>
    <testcase name="CT-sendToken" time="4.646"/>
  </testsuite>
  <testsuite name="souscription.SC45-GetAccTrans" tests="1" failures="0" errors="0" time="4.886" package="souscription" id="3">
    <properties>
[...]
</properties>
    <testcase name="CT-GetAccTrans" time="4.886"/>
  </testsuite>
  <testsuite name="souscription.SC01-ChangePassword" tests="1" failures="0" errors="0" time="12.083" package="souscription" id="4">
    <properties>
[...]
</properties>
    <testcase name="CT-ChangePassword" time="12.083"/>
  </testsuite>
  <testsuite name="souscription.SC58-GetAlert" tests="1" failures="0" errors="0" time="3.564" package="souscription" id="5">
    <properties>
[...]
</properties>
    <testcase name="CT-GetAlert" time="3.564"/>
  </testsuite>
  <testsuite name="souscription.SC56-ConvertAmount" tests="1" failures="0" errors="0" time="3.99" package="souscription" id="6">
    <properties>
[...]
</properties>
    <testcase name="CT-ConvertAmount" time="3.99"/>
  </testsuite>
  <testsuite name="souscription.SC10-addBeneficiary" tests="1" failures="0" errors="0" time="4.509" package="souscription" id="7">
    <properties>
[...]
</properties>
    <testcase name="CT-addBeneficiary" time="4.509"/>
  </testsuite>
  <testsuite name="souscription.SC42-CashDeposit" tests="1" failures="0" errors="0" time="4.582" package="souscription" id="8">
    <properties>
[...]
</properties>
    <testcase name="CT-CashDeposit" time="4.582"/>
  </testsuite>
  <testsuite name="souscription.SC24-CheckLogin" tests="1" failures="0" errors="0" time="4.128" package="souscription" id="9">
    <properties>
[...]
</properties>
    <testcase name="CT-CheckLogin" time="4.128"/>
  </testsuite>
  <testsuite name="souscription.SC33-GenerateOTPUnbanked" tests="1" failures="0" errors="0" time="3.071" package="souscription" id="10">
    <properties>
[...]
</properties>
    <testcase name="CT-GenerateOTPUnbanked" time="3.071"/>
  </testsuite>
  <testsuite name="souscription.SC28-CreatePIN" tests="1" failures="0" errors="0" time="3.902" package="souscription" id="11">
    <properties>
[...]
</properties>
    <testcase name="CT-CreatePIN" time="3.902"/>
  </testsuite>
  <testsuite name="souscription.SC53-getCards" tests="1" failures="0" errors="0" time="3.657" package="souscription" id="12">
    <properties>
[...]
</properties>
    <testcase name="CT-getCards" time="3.657"/>
  </testsuite>
  <testsuite name="souscription.SC15-SetDefaultAccount" tests="1" failures="0" errors="0" time="3.177" package="souscription" id="13">
    <properties>
[...]
</properties>
    <testcase name="CT-SetDefaultAccount" time="3.177"/>
  </testsuite>
  <testsuite name="souscription.SC32-GetSecretQuestions" tests="1" failures="0" errors="0" time="4.255" package="souscription" id="14">
    <properties>
[...]
</properties>
    <testcase name="CT-GetSecretQuestions" time="4.255"/>
  </testsuite>
  <testsuite name="souscription.SC61-UpdateCustomerAgent" tests="1" failures="0" errors="0" time="3.112" package="souscription" id="15">
    <properties>
[...]
</properties>
    <testcase name="CT-UpdateCustomerAgent" time="3.112"/>
  </testsuite>
  <testsuite name="souscription.SC09-GetMobileAccount" tests="1" failures="0" errors="0" time="4.855" package="souscription" id="16">
    <properties>
[...]
</properties>
    <testcase name="CT-GetMobileAccount" time="4.855"/>
  </testsuite>
  <testsuite name="souscription.SC52-SendContact" tests="1" failures="0" errors="0" time="3.159" package="souscription" id="17">
    <properties>
[...]
</properties>
    <testcase name="CT-SendContact" time="3.159"/>
  </testsuite>
  <testsuite name="souscription.SC60-ChangeAgentAccount" tests="1" failures="0" errors="0" time="2.848" package="souscription" id="18">
    <properties>
[...]
</properties>
    <testcase name="CT-ChangeAgentAccount" time="2.848"/>
  </testsuite>
  <testsuite name="souscription.SC07-GetBeneficiary" tests="1" failures="0" errors="0" time="6.038" package="souscription" id="19">
    <properties>
[...]
</properties>
    <testcase name="CT-GetBeneficiary" time="6.038"/>
  </testsuite>
  <testsuite name="souscription.SC62-GetAgentAllowedAccount" tests="1" failures="0" errors="0" time="5.375" package="souscription" id="20">
    <properties>
[...]
</properties>
    <testcase name="CT-GetAgentAllowedAccount" time="5.375"/>
  </testsuite>
  <testsuite name="souscription.SC67-UpdateAccountStatus" tests="1" failures="0" errors="0" time="3.939" package="souscription" id="21">
    <properties>
[...]
</properties>
    <testcase name="CT-UpdateAccountStatus" time="3.939"/>
  </testsuite>
  <testsuite name="souscription.SC22-GetMySercretQuestion" tests="1" failures="0" errors="0" time="8.506" package="souscription" id="22">
    <properties>
[...]
</properties>
    <testcase name="CT-GetMySercretQuestion" time="8.506"/>
  </testsuite>
  <testsuite name="souscription.SC08-ChangeRegisPIN" tests="1" failures="0" errors="0" time="3.995" package="souscription" id="23">
    <properties>
[...]
</properties>
    <testcase name="CT-ChangeRegisPIN" time="3.995"/>
  </testsuite>
  <testsuite name="souscription.SC40-CheckCardlessRef" tests="1" failures="0" errors="0" time="3.44" package="souscription" id="24">
    <properties>
[...]
</properties>
    <testcase name="CT-CheckCardlessRef" time="3.44"/>
  </testsuite>
  <testsuite name="souscription.SC03-ChangeRegisPIN" tests="1" failures="0" errors="0" time="4.081" package="souscription" id="25">
    <properties>
[...]
</properties>
    <testcase name="CT-ChangeRegisPIN" time="4.081"/>
  </testsuite>
  <testsuite name="souscription.SC18-ForgotUserName" tests="1" failures="0" errors="0" time="2.807" package="souscription" id="26">
    <properties>
[...]
</properties>
    <testcase name="CT-ForgotUserName" time="2.807"/>
  </testsuite>
  <testsuite name="souscription.SC21-CheckPIN" tests="1" failures="0" errors="0" time="1.421" package="souscription" id="27">
    <properties>
[...]
</properties>
    <testcase name="CT-CheckPIN" time="1.421"/>
  </testsuite>
  <testsuite name="souscription.SC37-GetUnbankedFloorLimit" tests="1" failures="0" errors="0" time="0.953" package="souscription" id="28">
    <properties>
[...]
</properties>
    <testcase name="CT-GetUnbankedFloorLimit" time="0.953"/>
  </testsuite>
  <testsuite name="souscription.SC71-GetNationality" tests="1" failures="0" errors="0" time="4.621" package="souscription" id="29">
    <properties>
[...]
</properties>
    <testcase name="CT-GetNationality" time="4.621"/>
  </testsuite>
  <testsuite name="souscription.SC55-GetContact" tests="1" failures="0" errors="0" time="3.688" package="souscription" id="30">
    <properties>
[...]
</properties>
    <testcase name="CT-GetContact" time="3.688"/>
  </testsuite>
  <testsuite name="souscription.SC48-GetLocation" tests="1" failures="0" errors="0" time="1.074" package="souscription" id="31">
    <properties>
[...]
</properties>
    <testcase name="CT-GetLocation" time="1.074"/>
  </testsuite>
  <testsuite name="souscription.SC44-SendPayment" tests="1" failures="0" errors="0" time="0.736" package="souscription" id="32">
    <properties>
[...]
</properties>
    <testcase name="CT-SendPayment" time="0.736"/>
  </testsuite>
  <testsuite name="souscription.SC29-CheckToken" tests="1" failures="0" errors="0" time="7.063" package="souscription" id="33">
    <properties>
[...]
</properties>
    <testcase name="CT-CheckToken" time="7.063"/>
  </testsuite>
  <testsuite name="souscription.SC27-CheckOTP" tests="1" failures="0" errors="0" time="4.489" package="souscription" id="34">
    <properties>
[...]
</properties>
    <testcase name="CT-CheckOTP" time="4.489"/>
  </testsuite>
  <testsuite name="souscription.SC50-GetSplash" tests="1" failures="0" errors="0" time="3.579" package="souscription" id="35">
    <properties>
[...]
</properties>
    <testcase name="CT-GetSplash" time="3.579"/>
  </testsuite>
  <testsuite name="souscription.SC34-EnrollUnBankedCustomer" tests="1" failures="0" errors="0" time="3.166" package="souscription" id="36">
    <properties>
[...]
</properties>
    <testcase name="CT-EnrollUnBankedCustomer" time="3.166"/>
  </testsuite>
  <testsuite name="souscription.SC51-SendFeedback" tests="1" failures="0" errors="0" time="3.717" package="souscription" id="37">
    <properties>
[...]
</properties>
    <testcase name="CT-SendFeedback" time="3.717"/>
  </testsuite>
  <testsuite name="souscription.SC14-UpdateCustomerAgent" tests="1" failures="0" errors="0" time="2.865" package="souscription" id="38">
    <properties>
[...]
</properties>
    <testcase name="CT-UpdateCustomerAgent" time="2.865"/>
  </testsuite>
  <testsuite name="souscription.SC06-GetCmsAccount" tests="1" failures="0" errors="0" time="6.423" package="souscription" id="39">
    <properties>
[...]
</properties>
    <testcase name="CT-GetCmsAccount" time="6.423"/>
  </testsuite>
  <testsuite name="souscription.SC26-EnrollAgent" tests="1" failures="0" errors="0" time="0.636" package="souscription" id="40">
    <properties>
[...]
</properties>
    <testcase name="CT-EnrollAgent" time="0.636"/>
  </testsuite>
  <testsuite name="souscription.SC46-SendMoney" tests="1" failures="0" errors="0" time="3.412" package="souscription" id="41">
    <properties>
[...]
</properties>
    <testcase name="CT-SendMoney" time="3.412"/>
  </testsuite>
  <testsuite name="souscription.SC70-GetCity" tests="1" failures="0" errors="0" time="3.116" package="souscription" id="42">
    <properties>
[...]
</properties>
    <testcase name="CT-GetCity" time="3.116"/>
  </testsuite>
  <testsuite name="souscription.SC72-LoginCustomer" tests="1" failures="0" errors="0" time="3.081" package="souscription" id="43">
    <properties>
[...]
</properties>
    <testcase name="CT-LoginCustomer" time="3.081"/>
  </testsuite>
  <testsuite name="souscription.SC11-GetCustomerAgentInformations" tests="1" failures="0" errors="0" time="3.968" package="souscription" id="44">
    <properties>
[...]
</properties>
    <testcase name="CT-GetCustomerAgentInformations" time="3.968"/>
  </testsuite>
  <testsuite name="souscription.SC73-loginAgent" tests="1" failures="0" errors="0" time="2.448" package="souscription" id="45">
    <properties>
[...]
</properties>
    <testcase name="CT-loginAgent" time="2.448"/>
  </testsuite>
  <testsuite name="souscription.SC20-ForgotPassword" tests="1" failures="0" errors="0" time="10.404" package="souscription" id="46">
    <properties>
[...]
</properties>
    <testcase name="CT_forgotPassword" time="10.404"/>
  </testsuite>
  <testsuite name="souscription.SC64-GetCmsAccount" tests="1" failures="0" errors="0" time="4.543" package="souscription" id="47">
    <properties>
[...]
</properties>
    <testcase name="CT-GetCmsAccount" time="4.543"/>
  </testsuite>
  <testsuite name="souscription.SC65-GetCustomerAgentInformations" tests="1" failures="0" errors="0" time="5.024" package="souscription" id="48">
    <properties>
[...]
</properties>
    <testcase name="CT-GetCustomerAgentInformations" time="5.024"/>
  </testsuite>
  <testsuite name="souscription.SC23-ForgotMySecretQuestion" tests="1" failures="0" errors="0" time="4.643" package="souscription" id="49">
    <properties>
[...]
</properties>
    <testcase name="CT-ForgotMySecretQuestion" time="4.643"/>
  </testsuite>
  <testsuite name="souscription.SC31-GenerateOTP" tests="1" failures="0" errors="0" time="4.102" package="souscription" id="50">
    <properties>
[...]
</properties>
    <testcase name="CT-GenerateOTP" time="4.102"/>
  </testsuite>
  <testsuite name="souscription.SC47-CashWithdrawalRequest" tests="1" failures="0" errors="0" time="3.696" package="souscription" id="51">
    <properties>
[...]
</properties>
    <testcase name="CT-CashWithdrawalRequest" time="3.696"/>
  </testsuite>
  <testsuite name="souscription.SC49-GetNews" tests="1" failures="0" errors="0" time="3.594" package="souscription" id="52">
    <properties>
[...]
</properties>
    <testcase name="CT-GetNews" time="3.594"/>
  </testsuite>
  <testsuite name="souscription.SC02-logout" tests="1" failures="0" errors="0" time="3.511" package="souscription" id="53">
    <properties>
[...]
</properties>
    <testcase name="CT-logout" time="3.511"/>
  </testsuite>
  <testsuite name="souscription.SC69-GetCurrency" tests="1" failures="0" errors="0" time="1.171" package="souscription" id="54">
    <properties>
[...]
</properties>
    <testcase name="CT-GetCurrency" time="1.171"/>
  </testsuite>
  <testsuite name="souscription.SC59-checkBookRequest" tests="1" failures="0" errors="0" time="3.67" package="souscription" id="55">
    <properties>
[...]
</properties>
    <testcase name="CT-checkBookRequest" time="3.67"/>
  </testsuite>
  <testsuite name="souscription.SC63-AddAccount" tests="1" failures="0" errors="0" time="3.974" package="souscription" id="56">
    <properties>
[...]
</properties>
    <testcase name="CT-AddAccount" time="3.974"/>
  </testsuite>
  <testsuite name="souscription.SC36-EnrollSubAgentOperator" tests="1" failures="0" errors="0" time="3.122" package="souscription" id="57">
    <properties>
[...]
</properties>
    <testcase name="CT-EnrollSubAgentOperator" time="3.122"/>
  </testsuite>
  <testsuite name="souscription.SC30-CheckPhone" tests="1" failures="0" errors="0" time="0.947" package="souscription" id="58">
    <properties>
[...]
</properties>
    <testcase name="CT-CheckPhone" time="0.947"/>
  </testsuite>
  <testsuite name="souscription.SC41-CashWithdrawal" tests="1" failures="0" errors="0" time="3.33" package="souscription" id="59">
    <properties>
[...]
</properties>
    <testcase name="CT-CashWithdrawal" time="3.33"/>
  </testsuite>
  <testsuite name="souscription.SC39-TransferAgent" tests="1" failures="0" errors="0" time="0.15" package="souscription" id="60">
    <properties>
[...]
</properties>
    <testcase name="CT-TransferAgent" time="0.15"/>
  </testsuite>
  <testsuite name="souscription.SC68-GetSubAgentOperator" tests="1" failures="0" errors="0" time="4.943" package="souscription" id="61">
    <properties>
[...]
</properties>
    <testcase name="CT-GetSubAgentOperator" time="4.943"/>
  </testsuite>
  <testsuite name="souscription.SC16-suspendBeneficiary" tests="1" failures="0" errors="0" time="3.652" package="souscription" id="62">
    <properties>
[...]
</properties>
    <testcase name="CT-suspendBeneficiary" time="3.652"/>
  </testsuite>
  <testsuite name="souscription.SC19-ForgotRegisPin" tests="1" failures="0" errors="0" time="3.72" package="souscription" id="63">
    <properties>
[...]
</properties>
    <testcase name="CT-ForgotRegisPin" time="3.72"/>
  </testsuite>
  <testsuite name="souscription.SC12-updateStatus" tests="1" failures="0" errors="0" time="3.016" package="souscription" id="64">
    <properties>
[...]
</properties>
    <testcase name="CT-updateStatus" time="3.016"/>
  </testsuite>
  <testsuite name="souscription.SC04-Login" tests="1" failures="0" errors="0" time="11.398" package="souscription" id="65">
    <properties>
[...]
</properties>
    <testcase name="CT-login" time="11.398"/>
  </testsuite>
  <testsuite name="souscription.SC25-GetContract" tests="1" failures="0" errors="0" time="3.043" package="souscription" id="66">
    <properties>
[...]
</properties>
    <testcase name="CT-GetContract" time="3.043"/>
  </testsuite>
  <testsuite name="souscription.SC35-EnrollBankedCustomer" tests="1" failures="0" errors="0" time="2.805" package="souscription" id="67">
    <properties>
[...]
</properties>
    <testcase name="CT-EnrollBankedCustomer" time="2.805"/>
  </testsuite>
  <testsuite name="souscription.SC05-AddAccount" tests="1" failures="0" errors="0" time="4.427" package="souscription" id="68">
    <properties>
[...]
</properties>
    <testcase name="CT-AddAccount" time="4.427"/>
  </testsuite>
  <testsuite name="souscription.SC43-TransferCustomer" tests="1" failures="0" errors="0" time="0.688" package="souscription" id="69">
    <properties>
[...]
</properties>
    <testcase name="CT-TransferCustomer" time="0.688"/>
  </testsuite>
  <testsuite name="souscription.SC54-updateCard" tests="1" failures="0" errors="0" time="3.227" package="souscription" id="70">
    <properties>
[...]
</properties>
    <testcase name="CT-updateCard" time="3.227"/>
  </testsuite>
  <testsuite name="souscription.SC13-UpdateAccountStatus" tests="1" failures="0" errors="0" time="3.996" package="souscription" id="71">
    <properties>
[...]
</properties>
    <testcase name="CT-UpdateAccountStatus" time="3.996"/>
  </testsuite>
  <testsuite name="souscription.SC38-SubscribeSubAgentOperator" tests="1" failures="0" errors="0" time="0.939" package="souscription" id="72">
    <properties>
[...]
</properties>
    <testcase name="CT-SubscribeSubAgentOperator" time="0.939"/>
  </testsuite>
  <testsuite name="souscription.SC66-updateStatus" tests="1" failures="0" errors="0" time="3.418" package="souscription" id="73">
    <properties>
[...]
</properties>
    <testcase name="CT-updateStatus" time="3.418"/>
  </testsuite>
</testsuites>